<?xml version="1.0" encoding="utf-8"?>
<TestRun id="8a8ab288-bfe0-43ed-a4de-183a9287462f" name="@jorgech-500-050la 2023-01-13 14:43:11" xmlns="http://microsoft.com/schemas/VisualStudio/TeamTest/2010">
  <Times creation="2023-01-13T14:43:11.4971946-06:00" queuing="2023-01-13T14:43:11.4971947-06:00" start="2023-01-13T14:43:10.1773682-06:00" finish="2023-01-13T14:43:11.5525543-06:00" />
  <TestSettings name="default" id="92a7ffbf-c0f7-424e-87a6-159448cbabc6">
    <Deployment runDeploymentRoot="_jorgech-500-050la_2023-01-13_14_43_11" />
  </TestSettings>
  <Results>
    <UnitTestResult executionId="9e038547-af9c-4f7f-a382-7a14cf8b519c" testId="d396fb94-b3b5-7602-34c7-60a1e81556f4" testName="JorgeTests.UnitTest1.ValidateLists" computerName="jorgech-500-050la" duration="00:00:00.0114771" startTime="2023-01-13T14:43:11.4505825-06:00" endTime="2023-01-13T14:43:11.4505826-06:00" testType="13cdc9d9-ddb5-4fa4-a97d-d965ccfc6d4b" outcome="Passed" testListId="8c84fa94-04c1-424b-9868-57a2d4851a1d" relativeResultsDirectory="9e038547-af9c-4f7f-a382-7a14cf8b519c" />
    <UnitTestResult executionId="12473e00-f238-4db7-9767-6a2b88758819" testId="c425dd0d-4a70-e9a5-0881-d84f22c3a405" testName="JorgeTests.UnitTest1.InlineData(a: 3, b: 4, expectedResult: 7)" computerName="jorgech-500-050la" duration="00:00:00.0001180" startTime="2023-01-13T14:43:11.4504361-06:00" endTime="2023-01-13T14:43:11.4504361-06:00" testType="13cdc9d9-ddb5-4fa4-a97d-d965ccfc6d4b" outcome="Passed" testListId="8c84fa94-04c1-424b-9868-57a2d4851a1d" relativeResultsDirectory="12473e00-f238-4db7-9767-6a2b88758819" />
    <UnitTestResult executionId="21506aab-60c9-42ae-9b5b-c1f0f82178bc" testId="5b81b290-cb02-a414-13d2-6ed66aa65f81" testName="JorgeTests.UnitTest1.ValidateStrings" computerName="jorgech-500-050la" duration="00:00:00.0027322" startTime="2023-01-13T14:43:11.4503851-06:00" endTime="2023-01-13T14:43:11.4503851-06:00" testType="13cdc9d9-ddb5-4fa4-a97d-d965ccfc6d4b" outcome="Passed" testListId="8c84fa94-04c1-424b-9868-57a2d4851a1d" relativeResultsDirectory="21506aab-60c9-42ae-9b5b-c1f0f82178bc" />
    <UnitTestResult executionId="2d2a3fab-d344-4e1e-8fac-508d71906f6b" testId="c3d0d669-d1c7-fcb3-c7ad-b9cb8c6201e5" testName="JorgeTests.UnitTest1.TestAdditionFromCsv(a: 3, b: 4, expectedResult: 7)" computerName="jorgech-500-050la" duration="00:00:00.0037073" startTime="2023-01-13T14:43:11.3980760-06:00" endTime="2023-01-13T14:43:11.3980761-06:00" testType="13cdc9d9-ddb5-4fa4-a97d-d965ccfc6d4b" outcome="Passed" testListId="8c84fa94-04c1-424b-9868-57a2d4851a1d" relativeResultsDirectory="2d2a3fab-d344-4e1e-8fac-508d71906f6b" />
    <UnitTestResult executionId="6983cd7c-ba11-467e-bbbf-46845f770291" testId="b10e4b99-563b-b6cb-c328-2960ba82c2b7" testName="JorgeTests.UnitTest1.InlineData(a: -1, b: -2, expectedResult: -3)" computerName="jorgech-500-050la" duration="00:00:00.0000087" startTime="2023-01-13T14:43:11.4505128-06:00" endTime="2023-01-13T14:43:11.4505128-06:00" testType="13cdc9d9-ddb5-4fa4-a97d-d965ccfc6d4b" outcome="Passed" testListId="8c84fa94-04c1-424b-9868-57a2d4851a1d" relativeResultsDirectory="6983cd7c-ba11-467e-bbbf-46845f770291" />
    <UnitTestResult executionId="9358d750-911b-47d8-b3d5-dfcbc9d41a19" testId="b7712c30-c465-b8dd-401a-2c24f2b6af65" testName="JorgeTests.UnitTest1.ItShouldReturnEqualsResultsWithInternalData(a: -20, b: 40, expectedResult: 20)" computerName="jorgech-500-050la" duration="00:00:00.0001290" startTime="2023-01-13T14:43:11.3983048-06:00" endTime="2023-01-13T14:43:11.3983049-06:00" testType="13cdc9d9-ddb5-4fa4-a97d-d965ccfc6d4b" outcome="Passed" testListId="8c84fa94-04c1-424b-9868-57a2d4851a1d" relativeResultsDirectory="9358d750-911b-47d8-b3d5-dfcbc9d41a19" />
    <UnitTestResult executionId="43ecc1c4-5911-47a8-b9ca-0d8604dc1351" testId="52867a00-0237-213e-3199-193cd8b44b70" testName="JorgeTests.UnitTest1.InlineData(a: 1, b: 2, expectedResult: 3)" computerName="jorgech-500-050la" duration="00:00:00.0000106" startTime="2023-01-13T14:43:11.4504753-06:00" endTime="2023-01-13T14:43:11.4504753-06:00" testType="13cdc9d9-ddb5-4fa4-a97d-d965ccfc6d4b" outcome="Passed" testListId="8c84fa94-04c1-424b-9868-57a2d4851a1d" relativeResultsDirectory="43ecc1c4-5911-47a8-b9ca-0d8604dc1351" />
    <UnitTestResult executionId="c70186e5-c82f-438e-96f8-51c1d62d9ea5" testId="faccae30-ef85-4f08-476c-8a50b12eda1a" testName="JorgeTests.UnitTest1.TestAdditionFromCsv(a: -1, b: -2, expectedResult: -3)" computerName="jorgech-500-050la" duration="00:00:00.0000235" startTime="2023-01-13T14:43:11.3981311-06:00" endTime="2023-01-13T14:43:11.3981312-06:00" testType="13cdc9d9-ddb5-4fa4-a97d-d965ccfc6d4b" outcome="Passed" testListId="8c84fa94-04c1-424b-9868-57a2d4851a1d" relativeResultsDirectory="c70186e5-c82f-438e-96f8-51c1d62d9ea5" />
    <UnitTestResult executionId="a6d169cd-46bf-4e52-85cf-d41dd10bd142" testId="ac08ea58-d9ff-d1cb-e586-47bdfe4329b6" testName="JorgeTests.UnitTest1.ValidateIntegers" computerName="jorgech-500-050la" duration="00:00:00.0052075" startTime="2023-01-13T14:43:11.3902879-06:00" endTime="2023-01-13T14:43:11.3903526-06:00" testType="13cdc9d9-ddb5-4fa4-a97d-d965ccfc6d4b" outcome="Passed" testListId="8c84fa94-04c1-424b-9868-57a2d4851a1d" relativeResultsDirectory="a6d169cd-46bf-4e52-85cf-d41dd10bd142" />
    <UnitTestResult executionId="cbbbb8e5-e6ce-4e4d-b67a-5d233185f926" testId="cf24cfe6-1e71-ef4a-ec5f-c1df57a7c28d" testName="JorgeTests.UnitTest1.TestAdditionFromCsv(a: 1, b: 2, expectedResult: 3)" computerName="jorgech-500-050la" duration="00:00:00.0000095" startTime="2023-01-13T14:43:11.3982058-06:00" endTime="2023-01-13T14:43:11.3982059-06:00" testType="13cdc9d9-ddb5-4fa4-a97d-d965ccfc6d4b" outcome="Passed" testListId="8c84fa94-04c1-424b-9868-57a2d4851a1d" relativeResultsDirectory="cbbbb8e5-e6ce-4e4d-b67a-5d233185f926" />
    <UnitTestResult executionId="c11855c3-571d-4436-943d-52852558e1fe" testId="78cf55f6-d07b-2b89-ded2-43326d093fc8" testName="JorgeTests.UnitTest1.ItShouldReturnEqualsResultsWithInternalData(a: -2, b: -12, expectedResult: -14)" computerName="jorgech-500-050la" duration="00:00:00.0000119" startTime="2023-01-13T14:43:11.3987402-06:00" endTime="2023-01-13T14:43:11.3987403-06:00" testType="13cdc9d9-ddb5-4fa4-a97d-d965ccfc6d4b" outcome="Passed" testListId="8c84fa94-04c1-424b-9868-57a2d4851a1d" relativeResultsDirectory="c11855c3-571d-4436-943d-52852558e1fe" />
    <UnitTestResult executionId="9a33ce7c-ea69-4895-ab5d-ddd780424905" testId="433b9f6a-053c-1f83-7d00-8d107fbd5d77" testName="JorgeTests.UnitTest1.ItShouldReturnEqualsResultsWithInternalData(a: 20, b: 20, expectedResult: 40)" computerName="jorgech-500-050la" duration="00:00:00.0000093" startTime="2023-01-13T14:43:11.3988048-06:00" endTime="2023-01-13T14:43:11.3988049-06:00" testType="13cdc9d9-ddb5-4fa4-a97d-d965ccfc6d4b" outcome="Passed" testListId="8c84fa94-04c1-424b-9868-57a2d4851a1d" relativeResultsDirectory="9a33ce7c-ea69-4895-ab5d-ddd780424905" />
    <UnitTestResult executionId="38b119b1-43be-432a-86a1-35e64ce275fe" testId="d46fb5ba-89d9-1058-b605-776cde5eec1d" testName="JorgeTests.UnitTest1+FixtureTests2.TestMethod2" computerName="jorgech-500-050la" duration="00:00:00.0005777" startTime="2023-01-13T14:43:11.4501946-06:00" endTime="2023-01-13T14:43:11.4501947-06:00" testType="13cdc9d9-ddb5-4fa4-a97d-d965ccfc6d4b" outcome="Passed" testListId="8c84fa94-04c1-424b-9868-57a2d4851a1d" relativeResultsDirectory="38b119b1-43be-432a-86a1-35e64ce275fe" />
    <UnitTestResult executionId="74f34df0-3490-407d-a59a-b3e59bf2b861" testId="13b91ec2-1f3f-faee-565c-fb3b1267eadd" testName="JorgeTests.UnitTest1+FixtureTests1.TestMethod1" computerName="jorgech-500-050la" duration="00:00:00.0058515" startTime="2023-01-13T14:43:11.3965675-06:00" endTime="2023-01-13T14:43:11.3965675-06:00" testType="13cdc9d9-ddb5-4fa4-a97d-d965ccfc6d4b" outcome="Passed" testListId="8c84fa94-04c1-424b-9868-57a2d4851a1d" relativeResultsDirectory="74f34df0-3490-407d-a59a-b3e59bf2b861" />
  </Results>
  <TestDefinitions>
    <UnitTest name="JorgeTests.UnitTest1.ItShouldReturnEqualsResultsWithInternalData(a: -2, b: -12, expectedResult: -14)" storage="/home/jorgech/documents/api testing/apicourse/jorgetests/bin/debug/net6.0/jorgetests.dll" id="78cf55f6-d07b-2b89-ded2-43326d093fc8">
      <Execution id="c11855c3-571d-4436-943d-52852558e1fe" />
      <TestMethod codeBase="/home/jorgech/Documents/API Testing/APICourse/JorgeTests/bin/Debug/net6.0/JorgeTests.dll" adapterTypeName="executor://xunit/VsTestRunner2/netcoreapp" className="JorgeTests.UnitTest1" name="ItShouldReturnEqualsResultsWithInternalData" />
    </UnitTest>
    <UnitTest name="JorgeTests.UnitTest1.ItShouldReturnEqualsResultsWithInternalData(a: 20, b: 20, expectedResult: 40)" storage="/home/jorgech/documents/api testing/apicourse/jorgetests/bin/debug/net6.0/jorgetests.dll" id="433b9f6a-053c-1f83-7d00-8d107fbd5d77">
      <Execution id="9a33ce7c-ea69-4895-ab5d-ddd780424905" />
      <TestMethod codeBase="/home/jorgech/Documents/API Testing/APICourse/JorgeTests/bin/Debug/net6.0/JorgeTests.dll" adapterTypeName="executor://xunit/VsTestRunner2/netcoreapp" className="JorgeTests.UnitTest1" name="ItShouldReturnEqualsResultsWithInternalData" />
    </UnitTest>
    <UnitTest name="JorgeTests.UnitTest1.InlineData(a: 1, b: 2, expectedResult: 3)" storage="/home/jorgech/documents/api testing/apicourse/jorgetests/bin/debug/net6.0/jorgetests.dll" id="52867a00-0237-213e-3199-193cd8b44b70">
      <Execution id="43ecc1c4-5911-47a8-b9ca-0d8604dc1351" />
      <TestMethod codeBase="/home/jorgech/Documents/API Testing/APICourse/JorgeTests/bin/Debug/net6.0/JorgeTests.dll" adapterTypeName="executor://xunit/VsTestRunner2/netcoreapp" className="JorgeTests.UnitTest1" name="InlineData" />
    </UnitTest>
    <UnitTest name="JorgeTests.UnitTest1+FixtureTests2.TestMethod2" storage="/home/jorgech/documents/api testing/apicourse/jorgetests/bin/debug/net6.0/jorgetests.dll" id="d46fb5ba-89d9-1058-b605-776cde5eec1d">
      <Execution id="38b119b1-43be-432a-86a1-35e64ce275fe" />
      <TestMethod codeBase="/home/jorgech/Documents/API Testing/APICourse/JorgeTests/bin/Debug/net6.0/JorgeTests.dll" adapterTypeName="executor://xunit/VsTestRunner2/netcoreapp" className="JorgeTests.UnitTest1+FixtureTests2" name="TestMethod2" />
    </UnitTest>
    <UnitTest name="JorgeTests.UnitTest1.ValidateIntegers" storage="/home/jorgech/documents/api testing/apicourse/jorgetests/bin/debug/net6.0/jorgetests.dll" id="ac08ea58-d9ff-d1cb-e586-47bdfe4329b6">
      <Execution id="a6d169cd-46bf-4e52-85cf-d41dd10bd142" />
      <TestMethod codeBase="/home/jorgech/Documents/API Testing/APICourse/JorgeTests/bin/Debug/net6.0/JorgeTests.dll" adapterTypeName="executor://xunit/VsTestRunner2/netcoreapp" className="JorgeTests.UnitTest1" name="ValidateIntegers" />
    </UnitTest>
    <UnitTest name="JorgeTests.UnitTest1.InlineData(a: 3, b: 4, expectedResult: 7)" storage="/home/jorgech/documents/api testing/apicourse/jorgetests/bin/debug/net6.0/jorgetests.dll" id="c425dd0d-4a70-e9a5-0881-d84f22c3a405">
      <Execution id="12473e00-f238-4db7-9767-6a2b88758819" />
      <TestMethod codeBase="/home/jorgech/Documents/API Testing/APICourse/JorgeTests/bin/Debug/net6.0/JorgeTests.dll" adapterTypeName="executor://xunit/VsTestRunner2/netcoreapp" className="JorgeTests.UnitTest1" name="InlineData" />
    </UnitTest>
    <UnitTest name="JorgeTests.UnitTest1.TestAdditionFromCsv(a: 1, b: 2, expectedResult: 3)" storage="/home/jorgech/documents/api testing/apicourse/jorgetests/bin/debug/net6.0/jorgetests.dll" id="cf24cfe6-1e71-ef4a-ec5f-c1df57a7c28d">
      <Execution id="cbbbb8e5-e6ce-4e4d-b67a-5d233185f926" />
      <TestMethod codeBase="/home/jorgech/Documents/API Testing/APICourse/JorgeTests/bin/Debug/net6.0/JorgeTests.dll" adapterTypeName="executor://xunit/VsTestRunner2/netcoreapp" className="JorgeTests.UnitTest1" name="TestAdditionFromCsv" />
    </UnitTest>
    <UnitTest name="JorgeTests.UnitTest1.ValidateLists" storage="/home/jorgech/documents/api testing/apicourse/jorgetests/bin/debug/net6.0/jorgetests.dll" id="d396fb94-b3b5-7602-34c7-60a1e81556f4">
      <Execution id="9e038547-af9c-4f7f-a382-7a14cf8b519c" />
      <TestMethod codeBase="/home/jorgech/Documents/API Testing/APICourse/JorgeTests/bin/Debug/net6.0/JorgeTests.dll" adapterTypeName="executor://xunit/VsTestRunner2/netcoreapp" className="JorgeTests.UnitTest1" name="ValidateLists" />
    </UnitTest>
    <UnitTest name="JorgeTests.UnitTest1.ItShouldReturnEqualsResultsWithInternalData(a: -20, b: 40, expectedResult: 20)" storage="/home/jorgech/documents/api testing/apicourse/jorgetests/bin/debug/net6.0/jorgetests.dll" id="b7712c30-c465-b8dd-401a-2c24f2b6af65">
      <Execution id="9358d750-911b-47d8-b3d5-dfcbc9d41a19" />
      <TestMethod codeBase="/home/jorgech/Documents/API Testing/APICourse/JorgeTests/bin/Debug/net6.0/JorgeTests.dll" adapterTypeName="executor://xunit/VsTestRunner2/netcoreapp" className="JorgeTests.UnitTest1" name="ItShouldReturnEqualsResultsWithInternalData" />
    </UnitTest>
    <UnitTest name="JorgeTests.UnitTest1.ValidateStrings" storage="/home/jorgech/documents/api testing/apicourse/jorgetests/bin/debug/net6.0/jorgetests.dll" id="5b81b290-cb02-a414-13d2-6ed66aa65f81">
      <Execution id="21506aab-60c9-42ae-9b5b-c1f0f82178bc" />
      <TestMethod codeBase="/home/jorgech/Documents/API Testing/APICourse/JorgeTests/bin/Debug/net6.0/JorgeTests.dll" adapterTypeName="executor://xunit/VsTestRunner2/netcoreapp" className="JorgeTests.UnitTest1" name="ValidateStrings" />
    </UnitTest>
    <UnitTest name="JorgeTests.UnitTest1.InlineData(a: -1, b: -2, expectedResult: -3)" storage="/home/jorgech/documents/api testing/apicourse/jorgetests/bin/debug/net6.0/jorgetests.dll" id="b10e4b99-563b-b6cb-c328-2960ba82c2b7">
      <Execution id="6983cd7c-ba11-467e-bbbf-46845f770291" />
      <TestMethod codeBase="/home/jorgech/Documents/API Testing/APICourse/JorgeTests/bin/Debug/net6.0/JorgeTests.dll" adapterTypeName="executor://xunit/VsTestRunner2/netcoreapp" className="JorgeTests.UnitTest1" name="InlineData" />
    </UnitTest>
    <UnitTest name="JorgeTests.UnitTest1.TestAdditionFromCsv(a: 3, b: 4, expectedResult: 7)" storage="/home/jorgech/documents/api testing/apicourse/jorgetests/bin/debug/net6.0/jorgetests.dll" id="c3d0d669-d1c7-fcb3-c7ad-b9cb8c6201e5">
      <Execution id="2d2a3fab-d344-4e1e-8fac-508d71906f6b" />
      <TestMethod codeBase="/home/jorgech/Documents/API Testing/APICourse/JorgeTests/bin/Debug/net6.0/JorgeTests.dll" adapterTypeName="executor://xunit/VsTestRunner2/netcoreapp" className="JorgeTests.UnitTest1" name="TestAdditionFromCsv" />
    </UnitTest>
    <UnitTest name="JorgeTests.UnitTest1.TestAdditionFromCsv(a: -1, b: -2, expectedResult: -3)" storage="/home/jorgech/documents/api testing/apicourse/jorgetests/bin/debug/net6.0/jorgetests.dll" id="faccae30-ef85-4f08-476c-8a50b12eda1a">
      <Execution id="c70186e5-c82f-438e-96f8-51c1d62d9ea5" />
      <TestMethod codeBase="/home/jorgech/Documents/API Testing/APICourse/JorgeTests/bin/Debug/net6.0/JorgeTests.dll" adapterTypeName="executor://xunit/VsTestRunner2/netcoreapp" className="JorgeTests.UnitTest1" name="TestAdditionFromCsv" />
    </UnitTest>
    <UnitTest name="JorgeTests.UnitTest1+FixtureTests1.TestMethod1" storage="/home/jorgech/documents/api testing/apicourse/jorgetests/bin/debug/net6.0/jorgetests.dll" id="13b91ec2-1f3f-faee-565c-fb3b1267eadd">
      <Execution id="74f34df0-3490-407d-a59a-b3e59bf2b861" />
      <TestMethod codeBase="/home/jorgech/Documents/API Testing/APICourse/JorgeTests/bin/Debug/net6.0/JorgeTests.dll" adapterTypeName="executor://xunit/VsTestRunner2/netcoreapp" className="JorgeTests.UnitTest1+FixtureTests1" name="TestMethod1" />
    </UnitTest>
  </TestDefinitions>
  <TestEntries>
    <TestEntry testId="d396fb94-b3b5-7602-34c7-60a1e81556f4" executionId="9e038547-af9c-4f7f-a382-7a14cf8b519c" testListId="8c84fa94-04c1-424b-9868-57a2d4851a1d" />
    <TestEntry testId="c425dd0d-4a70-e9a5-0881-d84f22c3a405" executionId="12473e00-f238-4db7-9767-6a2b88758819" testListId="8c84fa94-04c1-424b-9868-57a2d4851a1d" />
    <TestEntry testId="5b81b290-cb02-a414-13d2-6ed66aa65f81" executionId="21506aab-60c9-42ae-9b5b-c1f0f82178bc" testListId="8c84fa94-04c1-424b-9868-57a2d4851a1d" />
    <TestEntry testId="c3d0d669-d1c7-fcb3-c7ad-b9cb8c6201e5" executionId="2d2a3fab-d344-4e1e-8fac-508d71906f6b" testListId="8c84fa94-04c1-424b-9868-57a2d4851a1d" />
    <TestEntry testId="b10e4b99-563b-b6cb-c328-2960ba82c2b7" executionId="6983cd7c-ba11-467e-bbbf-46845f770291" testListId="8c84fa94-04c1-424b-9868-57a2d4851a1d" />
    <TestEntry testId="b7712c30-c465-b8dd-401a-2c24f2b6af65" executionId="9358d750-911b-47d8-b3d5-dfcbc9d41a19" testListId="8c84fa94-04c1-424b-9868-57a2d4851a1d" />
    <TestEntry testId="52867a00-0237-213e-3199-193cd8b44b70" executionId="43ecc1c4-5911-47a8-b9ca-0d8604dc1351" testListId="8c84fa94-04c1-424b-9868-57a2d4851a1d" />
    <TestEntry testId="faccae30-ef85-4f08-476c-8a50b12eda1a" executionId="c70186e5-c82f-438e-96f8-51c1d62d9ea5" testListId="8c84fa94-04c1-424b-9868-57a2d4851a1d" />
    <TestEntry testId="ac08ea58-d9ff-d1cb-e586-47bdfe4329b6" executionId="a6d169cd-46bf-4e52-85cf-d41dd10bd142" testListId="8c84fa94-04c1-424b-9868-57a2d4851a1d" />
    <TestEntry testId="cf24cfe6-1e71-ef4a-ec5f-c1df57a7c28d" executionId="cbbbb8e5-e6ce-4e4d-b67a-5d233185f926" testListId="8c84fa94-04c1-424b-9868-57a2d4851a1d" />
    <TestEntry testId="78cf55f6-d07b-2b89-ded2-43326d093fc8" executionId="c11855c3-571d-4436-943d-52852558e1fe" testListId="8c84fa94-04c1-424b-9868-57a2d4851a1d" />
    <TestEntry testId="433b9f6a-053c-1f83-7d00-8d107fbd5d77" executionId="9a33ce7c-ea69-4895-ab5d-ddd780424905" testListId="8c84fa94-04c1-424b-9868-57a2d4851a1d" />
    <TestEntry testId="d46fb5ba-89d9-1058-b605-776cde5eec1d" executionId="38b119b1-43be-432a-86a1-35e64ce275fe" testListId="8c84fa94-04c1-424b-9868-57a2d4851a1d" />
    <TestEntry testId="13b91ec2-1f3f-faee-565c-fb3b1267eadd" executionId="74f34df0-3490-407d-a59a-b3e59bf2b861" testListId="8c84fa94-04c1-424b-9868-57a2d4851a1d" />
  </TestEntries>
  <TestLists>
    <TestList name="Results Not in a List" id="8c84fa94-04c1-424b-9868-57a2d4851a1d" />
    <TestList name="All Loaded Results" id="19431567-8539-422a-85d7-44ee4e166bda" />
  </TestLists>
  <ResultSummary outcome="Completed">
    <Counters total="14" executed="14" passed="14" failed="0" error="0" timeout="0" aborted="0" inconclusive="0" passedButRunAborted="0" notRunnable="0" notExecuted="0" disconnected="0" warning="0" completed="0" inProgress="0" pending="0" />
    <Output>
      <StdOut>[xUnit.net 00:00:00.00] xUnit.net VSTest Adapter v2.4.3+1b45f5407b (64-bit .NET 6.0.13)
[xUnit.net 00:00:00.45]   Discovering: JorgeTests
[xUnit.net 00:00:00.52]   Discovered:  JorgeTests
[xUnit.net 00:00:00.53]   Starting:    JorgeTests
[xUnit.net 00:00:00.69]   Finished:    JorgeTests
</StdOut>
    </Output>
  </ResultSummary>
</TestRun>